
Questa Version 2020.2_1 linux_x86_64 27 May 2020

-------------------------------------------------------------------------------
Design Report
Created Wed Nov 12 16:09:59 2025
-------------------------------------------------------------------------------


Design 'elevator_fsm_wrapper'
===============================================================================


---------------------------------------
Design Summary                    Count
---------------------------------------
Clocks                                1
  User-specified                      0
  Inferred                            1
Resets                                1
  User-specified                      0
  Inferred                            1
Control Point Bits                    4
  DUT Input Bits                      4
  Cut Point Bits                      0
  Black Box Output Bits               0
  Undriven Wire Bits                  0
  Unresolved RHS Bits                 0
State Bits                            7
  Design Register Bits                7
  Design Latch Bits                   0
Storage Structures           
  Counters                            1
  RAMs                                0
Black Boxes                           0
User-specified Constant Bits          0
---------------------------------------

Detailed Design Information
===============================================================================


Clocks
------------------------------------------------------------------------------
Port                                   Period         Waveform    Edges
------------------------------------------------------------------------------
clk_i                    [inferred]       100             0 50    PE   
------------------------------------------------------------------------------

Resets
-------
  rst_i [inferred] (Active High)

Constants
------------------
  <none>

Cut Points
----------
  <none>

Black Box Outputs
-----------------
  <none>

Undriven Wires
--------------
  <none>

Unresolved RHS Bits
-------------------
  <none>

Latches
-------
  <none>

Counters
--------
  duv.counter_s  (4 bits)

RAMs
----
  <none>

Black Boxes (User-specified)
----------------------------
  <none>

Black Boxes (Inferred)
----------------------
  <none>


Instance Usage
===============================================================================
Count  Module          Location
-------------------------------------------------------------------------------
   1   elevator_fsm_assertions /media/sf_share_folder/vse/heig_vse_25/ex06_sv_assertions_elevator/code/v2/src_tb/elevator_fsm_assertions.sv (Line 1)
   1   work.elevator_fsm(fsm)#0 /media/sf_share_folder/vse/heig_vse_25/ex06_sv_assertions_elevator/code/v2/src/elevator_fsm.vhd (Line 32)



