================================================================================
== Profile: REAL-TIME, CPU-freq = 3.00 GHz
                                                          Calls Real-Time  Parent 
                                                                   (secs) fraction

    <zixl_543IiP35>~_zixl                                                1       9.2 (100.0%)
  zixl_z57-ZAiL~_zixl                                                    1       9.2         
    zixl_iSe2-4IPr155~_zixl                                              1       1.3 ( 14.3%)
      zixl_tP42-ZAiL~_zixl                                               1       0.6 ( 46.5%)
        zixl_zi_iSe2_2IAL5eA21_tePq~_zixl                                1       0.0 (  2.3%)
          zixl_2IAL5eA21-tePq~_zixl                                      1       0.0 (  4.5%)
          <zixl_I152>~_zixl                                                      0.0 ( 95.5%)
        <zixl_I152>~_zixl                                                        0.6 ( 97.6%)
      zixl_iSe2-5At1~_zixl                                               1       0.1 (  3.9%)
        zixl_42-5At1~_zixl                                               3       0.0 ( 80.9%)
        zixl_32q-5At1~_zixl                                              1       0.0 (  4.5%)
        <zixl_I152>~_zixl                                                        0.0 ( 14.6%)
      <zixl_I152>~_zixl                                                          0.7 ( 49.6%)
    <zixl_I152>~_zixl                                                            7.9 ( 85.7%)


================================================================================
== Profile: PEAK-MEMORY, CPU-freq = 3.00 GHz
                                                          Calls   Peak-Mb         
                                                                                  

    <zixl_543IiP35>~_zixl                                                1      20.0 (100.0%)
  zixl_z57-ZAiL~_zixl                                                    1      20.0         
    zixl_iSe2-4IPr155~_zixl                                              1      20.0 (100.0%)
      zixl_tP42-ZAiL~_zixl                                               1      16.0 ( 80.0%)
        zixl_zi_iSe2_2IAL5eA21_tePq~_zixl                                1       4.0 ( 25.0%)
          <zixl_I152>~_zixl                                                      4.0 (100.0%)
        <zixl_I152>~_zixl                                                       12.0 ( 75.0%)
      <zixl_I152>~_zixl                                                          4.0 ( 20.0%)

